# JRE version: OpenJDK Runtime Environment (8.0_312-b07) (build 1.8.0_312-8u312-b07-0ubuntu1~20.04-b07)
# Java VM: OpenJDK 64-Bit Server VM (25.312-b07 mixed mode linux-amd64 compressed oops)
Heap:
 PSYoungGen      total 139776K, used 69922K [0x00000000f5580000, 0x0000000100000000, 0x0000000100000000)
  eden space 104960K, 48% used [0x00000000f5580000,0x00000000f87b6758,0x00000000fbc00000)
  from space 34816K, 53% used [0x00000000fbc00000,0x00000000fce12218,0x00000000fde00000)
  to   space 33280K, 0% used [0x00000000fdf80000,0x00000000fdf80000,0x0000000100000000)
 ParOldGen       total 222720K, used 66386K [0x00000000e0000000, 0x00000000ed980000, 0x00000000f5580000)
  object space 222720K, 29% used [0x00000000e0000000,0x00000000e40d4ab0,0x00000000ed980000)
 Metaspace       used 84229K, capacity 88764K, committed 89088K, reserved 1126400K
  class space    used 11559K, capacity 12465K, committed 12544K, reserved 1048576K
GC Heap History (10 events):
Event: 11,160 GC heap before
{Heap before GC invocations=14 (full 3):
 PSYoungGen      total 149504K, used 142829K [0x00000000f5580000, 0x0000000100000000, 0x0000000100000000)
  eden space 130560K, 100% used [0x00000000f5580000,0x00000000fd500000,0x00000000fd500000)
  from space 18944K, 64% used [0x00000000fed80000,0x00000000ff97b610,0x0000000100000000)
  to   space 22016K, 0% used [0x00000000fd500000,0x00000000fd500000,0x00000000fea80000)
 ParOldGen       total 222720K, used 38105K [0x00000000e0000000, 0x00000000ed980000, 0x00000000f5580000)
  object space 222720K, 17% used [0x00000000e0000000,0x00000000e2536490,0x00000000ed980000)
 Metaspace       used 68753K, capacity 72232K, committed 72448K, reserved 1112064K
  class space    used 9698K, capacity 10475K, committed 10496K, reserved 1048576K
Event: 11,174 GC heap after
Heap after GC invocations=14 (full 3):
 PSYoungGen      total 152576K, used 21912K [0x00000000f5580000, 0x0000000100000000, 0x0000000100000000)
  eden space 130560K, 0% used [0x00000000f5580000,0x00000000f5580000,0x00000000fd500000)
  from space 22016K, 99% used [0x00000000fd500000,0x00000000fea66170,0x00000000fea80000)
  to   space 22016K, 0% used [0x00000000fea80000,0x00000000fea80000,0x0000000100000000)
 ParOldGen       total 222720K, used 38177K [0x00000000e0000000, 0x00000000ed980000, 0x00000000f5580000)
  object space 222720K, 17% used [0x00000000e0000000,0x00000000e25484a0,0x00000000ed980000)
 Metaspace       used 68753K, capacity 72232K, committed 72448K, reserved 1112064K
  class space    used 9698K, capacity 10475K, committed 10496K, reserved 1048576K
}
Event: 12,076 GC heap before
{Heap before GC invocations=15 (full 3):
 PSYoungGen      total 152576K, used 152472K [0x00000000f5580000, 0x0000000100000000, 0x0000000100000000)
  eden space 130560K, 100% used [0x00000000f5580000,0x00000000fd500000,0x00000000fd500000)
  from space 22016K, 99% used [0x00000000fd500000,0x00000000fea66170,0x00000000fea80000)
  to   space 22016K, 0% used [0x00000000fea80000,0x00000000fea80000,0x0000000100000000)
 ParOldGen       total 222720K, used 38177K [0x00000000e0000000, 0x00000000ed980000, 0x00000000f5580000)
  object space 222720K, 17% used [0x00000000e0000000,0x00000000e25484a0,0x00000000ed980000)
 Metaspace       used 73896K, capacity 78136K, committed 78336K, reserved 1116160K
  class space    used 10412K, capacity 11239K, committed 11264K, reserved 1048576K
Event: 12,090 GC heap after
Heap after GC invocations=15 (full 3):
 PSYoungGen      total 139264K, used 22013K [0x00000000f5580000, 0x0000000100000000, 0x0000000100000000)
  eden space 117248K, 0% used [0x00000000f5580000,0x00000000f5580000,0x00000000fc800000)
  from space 22016K, 99% used [0x00000000fea80000,0x00000000fffff500,0x0000000100000000)
  to   space 28672K, 0% used [0x00000000fc800000,0x00000000fc800000,0x00000000fe400000)
 ParOldGen       total 222720K, used 42820K [0x00000000e0000000, 0x00000000ed980000, 0x00000000f5580000)
  object space 222720K, 19% used [0x00000000e0000000,0x00000000e29d1280,0x00000000ed980000)
 Metaspace       used 73896K, capacity 78136K, committed 78336K, reserved 1116160K
  class space    used 10412K, capacity 11239K, committed 11264K, reserved 1048576K
}
Event: 12,719 GC heap before
{Heap before GC invocations=16 (full 3):
 PSYoungGen      total 139264K, used 139261K [0x00000000f5580000, 0x0000000100000000, 0x0000000100000000)
  eden space 117248K, 100% used [0x00000000f5580000,0x00000000fc800000,0x00000000fc800000)
  from space 22016K, 99% used [0x00000000fea80000,0x00000000fffff500,0x0000000100000000)
  to   space 28672K, 0% used [0x00000000fc800000,0x00000000fc800000,0x00000000fe400000)
 ParOldGen       total 222720K, used 42820K [0x00000000e0000000, 0x00000000ed980000, 0x00000000f5580000)
  object space 222720K, 19% used [0x00000000e0000000,0x00000000e29d1280,0x00000000ed980000)
 Metaspace       used 74882K, capacity 79228K, committed 79488K, reserved 1118208K
  class space    used 10470K, capacity 11335K, committed 11392K, reserved 1048576K
Event: 12,737 GC heap after
Heap after GC invocations=16 (full 3):
 PSYoungGen      total 139776K, used 22393K [0x00000000f5580000, 0x0000000100000000, 0x0000000100000000)
  eden space 117248K, 0% used [0x00000000f5580000,0x00000000f5580000,0x00000000fc800000)
  from space 22528K, 99% used [0x00000000fc800000,0x00000000fddde4c0,0x00000000fde00000)
  to   space 29696K, 0% used [0x00000000fe300000,0x00000000fe300000,0x0000000100000000)
 ParOldGen       total 222720K, used 50617K [0x00000000e0000000, 0x00000000ed980000, 0x00000000f5580000)
  object space 222720K, 22% used [0x00000000e0000000,0x00000000e316e548,0x00000000ed980000)
 Metaspace       used 74882K, capacity 79228K, committed 79488K, reserved 1118208K
  class space    used 10470K, capacity 11335K, committed 11392K, reserved 1048576K
}
Event: 13,245 GC heap before
{Heap before GC invocations=17 (full 3):
 PSYoungGen      total 139776K, used 139641K [0x00000000f5580000, 0x0000000100000000, 0x0000000100000000)
  eden space 117248K, 100% used [0x00000000f5580000,0x00000000fc800000,0x00000000fc800000)
  from space 22528K, 99% used [0x00000000fc800000,0x00000000fddde4c0,0x00000000fde00000)
  to   space 29696K, 0% used [0x00000000fe300000,0x00000000fe300000,0x0000000100000000)
 ParOldGen       total 222720K, used 50617K [0x00000000e0000000, 0x00000000ed980000, 0x00000000f5580000)
  object space 222720K, 22% used [0x00000000e0000000,0x00000000e316e548,0x00000000ed980000)
 Metaspace       used 79678K, capacity 84018K, committed 84224K, reserved 1122304K
  class space    used 11122K, capacity 11984K, committed 12032K, reserved 1048576K
Event: 13,261 GC heap after
Heap after GC invocations=17 (full 3):
 PSYoungGen      total 134656K, used 29679K [0x00000000f5580000, 0x0000000100000000, 0x0000000100000000)
  eden space 104960K, 0% used [0x00000000f5580000,0x00000000f5580000,0x00000000fbc00000)
  from space 29696K, 99% used [0x00000000fe300000,0x00000000ffffbde0,0x0000000100000000)
  to   space 34816K, 0% used [0x00000000fbc00000,0x00000000fbc00000,0x00000000fde00000)
 ParOldGen       total 222720K, used 52697K [0x00000000e0000000, 0x00000000ed980000, 0x00000000f5580000)
  object space 222720K, 23% used [0x00000000e0000000,0x00000000e3376500,0x00000000ed980000)
 Metaspace       used 79678K, capacity 84018K, committed 84224K, reserved 1122304K
  class space    used 11122K, capacity 11984K, committed 12032K, reserved 1048576K
}
Event: 13,724 GC heap before
{Heap before GC invocations=18 (full 3):
 PSYoungGen      total 134656K, used 134639K [0x00000000f5580000, 0x0000000100000000, 0x0000000100000000)
  eden space 104960K, 100% used [0x00000000f5580000,0x00000000fbc00000,0x00000000fbc00000)
  from space 29696K, 99% used [0x00000000fe300000,0x00000000ffffbde0,0x0000000100000000)
  to   space 34816K, 0% used [0x00000000fbc00000,0x00000000fbc00000,0x00000000fde00000)
 ParOldGen       total 222720K, used 52697K [0x00000000e0000000, 0x00000000ed980000, 0x00000000f5580000)
  object space 222720K, 23% used [0x00000000e0000000,0x00000000e3376500,0x00000000ed980000)
 Metaspace       used 80383K, capacity 84848K, committed 85120K, reserved 1122304K
  class space    used 11206K, capacity 12069K, committed 12160K, reserved 1048576K
Event: 13,744 GC heap after
Heap after GC invocations=18 (full 3):
 PSYoungGen      total 139776K, used 18504K [0x00000000f5580000, 0x0000000100000000, 0x0000000100000000)
  eden space 104960K, 0% used [0x00000000f5580000,0x00000000f5580000,0x00000000fbc00000)
  from space 34816K, 53% used [0x00000000fbc00000,0x00000000fce12218,0x00000000fde00000)
  to   space 33280K, 0% used [0x00000000fdf80000,0x00000000fdf80000,0x0000000100000000)
 ParOldGen       total 222720K, used 66386K [0x00000000e0000000, 0x00000000ed980000, 0x00000000f5580000)
  object space 222720K, 29% used [0x00000000e0000000,0x00000000e40d4ab0,0x00000000ed980000)
 Metaspace       used 80383K, capacity 84848K, committed 85120K, reserved 1122304K
  class space    used 11206K, capacity 12069K, committed 12160K, reserved 1048576K
}

